  Compiling CUDA source file kernel.cu...
  
  C:\Users\a\source\repos\unitytrtcuda>"C:\Program Files\NVIDIA GPU Computing Toolkit\CUDA\v9.0\bin\nvcc.exe" -gencode=arch=compute_30,code=\"sm_30,compute_30\" --use-local-env --cl-version 2015 -ccbin "C:\Program Files (x86)\Microsoft Visual Studio 14.0\VC\bin\x86_amd64" -x cu  -I"C:\Program Files\NVIDIA GPU Computing Toolkit\CUDA\v9.0\include" -I"C:\Program Files\NVIDIA GPU Computing Toolkit\CUDA\v9.0\include"  -G   --keep-dir x64\Debug -maxrregcount=0  --machine 64 --compile -cudart static  -g   -DWIN32 -DWIN64 -D_DEBUG -D_CONSOLE -D_WINDLL -D_MBCS -Xcompiler "/EHsc /W3 /nologo /Od /FS /Zi /RTC1 /MDd " -o x64\Debug\kernel.cu.obj "C:\Users\a\source\repos\unitytrtcuda\kernel.cu" 
C:/Users/a/source/repos/unitytrtcuda/kernel.cu(37): error : Destroy is not a template
C:\Program Files (x86)\Microsoft Visual Studio 14.0\VC\include\memory(1226): error : name followed by "::" must be a class or namespace name
C:\Program Files (x86)\Microsoft Visual Studio 14.0\VC\include\xutility(265): error : expression must have a constant value
C:\Program Files (x86)\Microsoft Visual Studio 14.0\VC\include\xutility(265): error : expression must have a constant value
C:\Program Files (x86)\Microsoft Visual Studio 14.0\VC\include\xutility(267): error : not a class or struct name
C:/Users/a/source/repos/unitytrtcuda/kernel.cu(40): warning : a storage class may not be specified here
C:/Users/a/source/repos/unitytrtcuda/kernel.cu(130): error : identifier "logger" is undefined
C:\Program Files (x86)\Microsoft Visual Studio 14.0\VC\include\memory(1226): error : name followed by "::" must be a class or namespace name
C:\Program Files (x86)\Microsoft Visual Studio 14.0\VC\include\xutility(265): error : expression must have a constant value
C:\Program Files (x86)\Microsoft Visual Studio 14.0\VC\include\xutility(265): error : expression must have a constant value
C:/Users/a/source/repos/unitytrtcuda/kernel.cu(136): error : identifier "logger" is undefined
C:\Program Files (x86)\Microsoft Visual Studio 14.0\VC\include\memory(1226): error : name followed by "::" must be a class or namespace name
C:\Program Files (x86)\Microsoft Visual Studio 14.0\VC\include\xutility(265): error : expression must have a constant value
C:\Program Files (x86)\Microsoft Visual Studio 14.0\VC\include\xutility(265): error : expression must have a constant value
C:\Program Files (x86)\Microsoft Visual Studio 14.0\VC\include\memory(1226): error : name followed by "::" must be a class or namespace name
C:\Program Files (x86)\Microsoft Visual Studio 14.0\VC\include\xutility(265): error : expression must have a constant value
C:\Program Files (x86)\Microsoft Visual Studio 14.0\VC\include\xutility(265): error : expression must have a constant value
C:/Users/a/source/repos/unitytrtcuda/kernel.cu(162): error : identifier "logger" is undefined
C:/Users/a/source/repos/unitytrtcuda/kernel.cu(186): error : identifier "logger" is undefined
C:/Users/a/source/repos/unitytrtcuda/kernel.cu(190): error : identifier "logger" is undefined
C:\Program Files (x86)\Microsoft Visual Studio 14.0\VC\include\memory(1226): error : name followed by "::" must be a class or namespace name
C:\Program Files (x86)\Microsoft Visual Studio 14.0\VC\include\xutility(265): error : expression must have a constant value
C:\Program Files (x86)\Microsoft Visual Studio 14.0\VC\include\xutility(265): error : expression must have a constant value
C:/Users/a/source/repos/unitytrtcuda/kernel.cu(246): error : identifier "logger" is undefined
C:\Program Files (x86)\Microsoft Visual Studio 14.0\VC\include\xmemory0(226): error : name followed by "::" must be a class or namespace name
C:\Program Files (x86)\Microsoft Visual Studio 14.0\VC\include\xmemory0(232): error : name followed by "::" must be a class or namespace name
C:\Program Files (x86)\Microsoft Visual Studio 14.0\VC\include\xmemory0(259): error : name followed by "::" must be a class or namespace name
  kernel.cu
C:\Program Files (x86)\MSBuild\Microsoft.Cpp\v4.0\V140\BuildCustomizations\CUDA 9.0.targets(707,9): error MSB3721: The command ""C:\Program Files\NVIDIA GPU Computing Toolkit\CUDA\v9.0\bin\nvcc.exe" -gencode=arch=compute_30,code=\"sm_30,compute_30\" --use-local-env --cl-version 2015 -ccbin "C:\Program Files (x86)\Microsoft Visual Studio 14.0\VC\bin\x86_amd64" -x cu  -I"C:\Program Files\NVIDIA GPU Computing Toolkit\CUDA\v9.0\include" -I"C:\Program Files\NVIDIA GPU Computing Toolkit\CUDA\v9.0\include"  -G   --keep-dir x64\Debug -maxrregcount=0  --machine 64 --compile -cudart static  -g   -DWIN32 -DWIN64 -D_DEBUG -D_CONSOLE -D_WINDLL -D_MBCS -Xcompiler "/EHsc /W3 /nologo /Od /FS /Zi /RTC1 /MDd " -o x64\Debug\kernel.cu.obj "C:\Users\a\source\repos\unitytrtcuda\kernel.cu"" exited with code 1.
